<?xml version="1.0" encoding="UTF-8"?>
<testng-results ignored="1" total="3" passed="2" failed="0" skipped="0">
  <reporter-output>
  </reporter-output>
  <suite started-at="2021-04-27T01:01:24 IST" name="Surefire suite" finished-at="2021-04-27T01:01:24 IST" duration-ms="30">
    <groups>
    </groups>
    <test started-at="2021-04-27T01:01:24 IST" name="Surefire test" finished-at="2021-04-27T01:01:24 IST" duration-ms="30">
      <class name="DEMO.ProjectSelenium.MobileTest">
        <test-method signature="mobile2()[pri:0, instance:DEMO.ProjectSelenium.MobileTest@21a947fe]" started-at="2021-04-27T01:01:24 IST" name="mobile2" finished-at="2021-04-27T01:01:24 IST" duration-ms="3" status="PASS">
          <reporter-output>
          </reporter-output>
        </test-method> <!-- mobile2 -->
        <test-method signature="mobile3()[pri:0, instance:DEMO.ProjectSelenium.MobileTest@21a947fe]" started-at="2021-04-27T01:01:24 IST" name="mobile3" finished-at="2021-04-27T01:01:24 IST" duration-ms="1" status="PASS">
          <reporter-output>
          </reporter-output>
        </test-method> <!-- mobile3 -->
      </class> <!-- DEMO.ProjectSelenium.MobileTest -->
    </test> <!-- Surefire test -->
  </suite> <!-- Surefire suite -->
</testng-results>
