<?xml version="1.0" encoding="UTF-8"?>
<testsuite xmlns:xsi="http://www.w3.org/2001/XMLSchema-instance" xsi:noNamespaceSchemaLocation="https://maven.apache.org/surefire/maven-surefire-plugin/xsd/surefire-test-report-3.0.xsd" version="3.0" name="DEMO.ProjectSelenium.MobileTest" time="0.838" tests="2" errors="0" skipped="0" failures="0">
  <properties>
[...]
</properties>
  <testcase name="mobile2" classname="DEMO.ProjectSelenium.MobileTest" time="0.006">
    <system-out><![CDATA[Mobile2 Test Case
]]></system-out>
  </testcase>
  <testcase name="mobile3" classname="DEMO.ProjectSelenium.MobileTest" time="0.002">
    <system-out><![CDATA[Mobile3 Test Case
]]></system-out>
  </testcase>
</testsuite>