<?xml version="1.0" encoding="UTF-8"?>
<!-- Generated by org.testng.reporters.JUnitXMLReporter -->
<testsuite ignored="1" hostname="DESKTOP-73C86HS" failures="0" tests="2" name="Surefire test" time="0.03" errors="0" timestamp="2021-04-27T01:01:25 IST">
  <testcase classname="DEMO.ProjectSelenium.MobileTest" name="mobile2" time="0.003"/>
  <testcase classname="DEMO.ProjectSelenium.MobileTest" name="mobile3" time="0.001"/>
  <testcase classname="DEMO.ProjectSelenium.MobileTest" name="mobile1" time="0.0">
    <ignored/>
  </testcase> <!-- mobile1 -->
</testsuite> <!-- Surefire test -->
