<?xml version="1.0" encoding="UTF-8"?>
<testng-results ignored="0" total="2" passed="2" failed="0" skipped="0">
  <reporter-output>
  </reporter-output>
  <suite started-at="2021-04-26T00:43:54 IST" name="Default suite" finished-at="2021-04-26T00:43:54 IST" duration-ms="77">
    <groups>
    </groups>
    <test started-at="2021-04-26T00:43:54 IST" name="Default test" finished-at="2021-04-26T00:43:54 IST" duration-ms="77">
      <class name="DEMO.ProjectSelenium.CarTest">
        <test-method signature="car1()[pri:0, instance:DEMO.ProjectSelenium.CarTest@12e61fe6]" started-at="2021-04-26T00:43:54 IST" name="car1" finished-at="2021-04-26T00:43:54 IST" duration-ms="13" status="PASS">
          <reporter-output>
          </reporter-output>
        </test-method> <!-- car1 -->
        <test-method signature="car2()[pri:0, instance:DEMO.ProjectSelenium.CarTest@12e61fe6]" started-at="2021-04-26T00:43:54 IST" name="car2" finished-at="2021-04-26T00:43:54 IST" duration-ms="2" status="PASS">
          <reporter-output>
          </reporter-output>
        </test-method> <!-- car2 -->
      </class> <!-- DEMO.ProjectSelenium.CarTest -->
    </test> <!-- Default test -->
  </suite> <!-- Default suite -->
</testng-results>
